0 info it worked if it ends with ok
1 verbose cli [ 'node', '/usr/local/bin/npm', 'install', 'gulp' ]
2 info using npm@1.4.10
3 info using node@v0.10.26
4 verbose node symlink /usr/local/bin/node
5 error Error: Invalid version: "1.0"
5 error     at Object.module.exports.fixVersionField (/usr/local/lib/node_modules/npm/node_modules/read-package-json/node_modules/normalize-package-data/lib/fixer.js:183:13)
5 error     at /usr/local/lib/node_modules/npm/node_modules/read-package-json/node_modules/normalize-package-data/lib/normalize.js:30:38
5 error     at Array.forEach (native)
5 error     at normalize (/usr/local/lib/node_modules/npm/node_modules/read-package-json/node_modules/normalize-package-data/lib/normalize.js:29:15)
5 error     at final (/usr/local/lib/node_modules/npm/node_modules/read-package-json/read-json.js:342:33)
5 error     at then (/usr/local/lib/node_modules/npm/node_modules/read-package-json/read-json.js:126:33)
5 error     at /usr/local/lib/node_modules/npm/node_modules/read-package-json/read-json.js:266:40
5 error     at fs.js:266:14
5 error     at /usr/local/lib/node_modules/npm/node_modules/graceful-fs/graceful-fs.js:105:5
5 error     at Object.oncomplete (fs.js:107:15)
6 error If you need help, you may report this *entire* log,
6 error including the npm and node versions, at:
6 error     <http://github.com/npm/npm/issues>
7 error System Darwin 13.3.0
8 error command "node" "/usr/local/bin/npm" "install" "gulp"
9 error cwd /Users/lrossetti/Projects/beta/ng-json
10 error node -v v0.10.26
11 error npm -v 1.4.10
12 verbose exit [ 1, true ]
